Arguments: 
  /usr/local/bin/node /home/eli/.npm-packages/bin/yarn add --dev @types/prettie

PATH: 
  /home/eli/gems/bin:/home/eli/anaconda3/bin:/home/eli/.npm-packages/bin:/home/eli/depot_tools:/home/eli/.vscode-server/bin/fd6f3bce6709b121a895d042d343d71f317d74e7/bin:/home/eli/gems/bin:/home/eli/anaconda3/bin:/home/eli/.sdkman/candidates/maven/current/bin:/home/eli/.sdkman/candidates/java/current/bin:/home/eli/.npm-packages/bin:/home/eli/depot_tools:/home/eli/.cargo/bin:/usr/local/sbin:/usr/local/bin:/usr/sbin:/usr/bin:/sbin:/bin:/usr/games:/usr/local/games:/mnt/c/Program Files (x86)/NVIDIA Corporation/PhysX/Common:/mnt/c/Program Files/Microsoft MPI/Bin/:/mnt/c/Python39/Scripts/:/mnt/c/Python39/:/mnt/c/Program Files/Common Files/Oracle/Java/javapath:/mnt/c/Windows/system32:/mnt/c/Windows:/mnt/c/Windows/System32/Wbem:/mnt/c/Windows/System32/WindowsPowerShell/v1.0/:/mnt/c/Windows/System32/OpenSSH/:/mnt/c/Program Files/NVIDIA Corporation/NVIDIA NvDLISR:/mnt/c/ProgramData/chocolatey/bin:/mnt/c/Program Files/nodejs/:/mnt/c/Program Files/Git/cmd:/mnt/c/Program Files/Git/mingw64/bin:/mnt/c/Program Files/Git/usr/bin:/mnt/c/Program Files/Docker/Docker/resources/bin:/mnt/c/ProgramData/DockerDesktop/version-bin:/mnt/c/Program Files/dotnet/:/mnt/c/Program Files/Microsoft SQL Server/130/Tools/Binn/:/mnt/c/Users/elime/AppData/Local/Programs/Microsoft VS Code/bin:/mnt/c/Users/elime/AppData/Roaming/npm:/mnt/c/Users/elime/AppData/Local/GitHubDesktop/bin:/mnt/c/Users/elime/AppData/Local/hyper/app-3.0.2/resources/bin:/mnt/c/Program\ Files/ffmpeg/bin:~/.local/bin:/mnt/c/Program\ Files/ffmpeg/bin:~/.local/bin

Yarn version: 
  1.22.10

Node version: 
  14.16.0

Platform: 
  linux x64

Trace: 
  Error: https://registry.yarnpkg.com/@types%2fprettie: Not found
      at Request.params.callback [as _callback] (/home/eli/.npm-packages/lib/node_modules/yarn/lib/cli.js:66988:18)
      at Request.self.callback (/home/eli/.npm-packages/lib/node_modules/yarn/lib/cli.js:140662:22)
      at Request.emit (events.js:315:20)
      at Request.<anonymous> (/home/eli/.npm-packages/lib/node_modules/yarn/lib/cli.js:141634:10)
      at Request.emit (events.js:315:20)
      at IncomingMessage.<anonymous> (/home/eli/.npm-packages/lib/node_modules/yarn/lib/cli.js:141556:12)
      at Object.onceWrapper (events.js:421:28)
      at IncomingMessage.emit (events.js:327:22)
      at endReadableNT (internal/streams/readable.js:1327:12)
      at processTicksAndRejections (internal/process/task_queues.js:80:21)

npm manifest: 
  {
  	"name": "project-name",
  	"description": "description",
  	"authors": "elimerl",
  	"version": "1.0.0",
  	"main": "lib/index.js",
  	"devDependencies": {
  		"@types/moo": "^0.5.4",
  		"@types/node": "^14.14.34",
  		"typescript": "4.1.5",
  		"prettier": "2.2.1"
  	},
  	"scripts": {
  		"build": "tsc",
  		"fmt": "prettier --write src"
  	},
  	"dependencies": {
  		"moo": "^0.5.1"
  	}
  }

yarn manifest: 
  No manifest

Lockfile: 
  # THIS IS AN AUTOGENERATED FILE. DO NOT EDIT THIS FILE DIRECTLY.
  # yarn lockfile v1
  
  
  "@types/moo@^0.5.4":
    version "0.5.4"
    resolved "https://registry.yarnpkg.com/@types/moo/-/moo-0.5.4.tgz#a7d792c8c70af6f26d1717ccd20fe4a1fa926d43"
    integrity sha512-1cJMV+3lvSvb21J4SqQlwxSwhCvrj8bmGnsHeODIokTAwGEn1fI9sGJWeAPCjArZicrtLF7Dg7frA1V7DT8Lrw==
  
  "@types/node@^14.14.34":
    version "14.14.34"
    resolved "https://registry.yarnpkg.com/@types/node/-/node-14.14.34.tgz#07935194fc049069a1c56c0c274265abeddf88da"
    integrity sha512-dBPaxocOK6UVyvhbnpFIj2W+S+1cBTkHQbFQfeeJhoKFbzYcVUGHvddeWPSucKATb3F0+pgDq0i6ghEaZjsugA==
  
  moo@^0.5.1:
    version "0.5.1"
    resolved "https://registry.yarnpkg.com/moo/-/moo-0.5.1.tgz#7aae7f384b9b09f620b6abf6f74ebbcd1b65dbc4"
    integrity sha512-I1mnb5xn4fO80BH9BLcF0yLypy2UKl+Cb01Fu0hJRkJjlCRtxZMWkTdAtDd5ZqCOxtCkhmRwyI57vWT+1iZ67w==
  
  prettier@2.2.1:
    version "2.2.1"
    resolved "https://registry.yarnpkg.com/prettier/-/prettier-2.2.1.tgz#795a1a78dd52f073da0cd42b21f9c91381923ff5"
    integrity sha512-PqyhM2yCjg/oKkFPtTGUojv7gnZAoG80ttl45O6x2Ug/rMJw4wcc9k6aaf2hibP7BGVCCM33gZoGjyvt9mm16Q==
  
  typescript@4.1.5:
    version "4.1.5"
    resolved "https://registry.yarnpkg.com/typescript/-/typescript-4.1.5.tgz#123a3b214aaff3be32926f0d8f1f6e704eb89a72"
    integrity sha512-6OSu9PTIzmn9TCDiovULTnET6BgXtDYL4Gg4szY+cGsc3JP1dQL8qvE8kShTRx1NIw4Q9IBHlwODjkjWEtMUyA==
